c:\users\meles\desktop\informatyka\ii sem\po ii sem\projekt1_cpp\projekt1_cpp\debug\vc142.pdb
c:\users\meles\desktop\informatyka\ii sem\po ii sem\projekt1_cpp\projekt1_cpp\debug\vc142.idb
c:\users\meles\desktop\informatyka\ii sem\po ii sem\projekt1_cpp\projekt1_cpp\debug\zwierze.obj
c:\users\meles\desktop\informatyka\ii sem\po ii sem\projekt1_cpp\projekt1_cpp\debug\roslina.obj
c:\users\meles\desktop\informatyka\ii sem\po ii sem\projekt1_cpp\projekt1_cpp\debug\projekt1.obj
c:\users\meles\desktop\informatyka\ii sem\po ii sem\projekt1_cpp\projekt1_cpp\debug\organizm.obj
c:\users\meles\desktop\informatyka\ii sem\po ii sem\projekt1_cpp\projekt1_cpp\debug\czlowiek.obj
c:\users\meles\desktop\informatyka\ii sem\po ii sem\projekt1_cpp\projekt1_cpp\debug\swiat.obj
c:\users\meles\desktop\informatyka\ii sem\po ii sem\projekt1_cpp\projekt1_cpp\debug\zolw.obj
c:\users\meles\desktop\informatyka\ii sem\po ii sem\projekt1_cpp\projekt1_cpp\debug\wilk.obj
c:\users\meles\desktop\informatyka\ii sem\po ii sem\projekt1_cpp\projekt1_cpp\debug\wilczejagody.obj
c:\users\meles\desktop\informatyka\ii sem\po ii sem\projekt1_cpp\projekt1_cpp\debug\trawa.obj
c:\users\meles\desktop\informatyka\ii sem\po ii sem\projekt1_cpp\projekt1_cpp\debug\owca.obj
c:\users\meles\desktop\informatyka\ii sem\po ii sem\projekt1_cpp\projekt1_cpp\debug\mlecz.obj
c:\users\meles\desktop\informatyka\ii sem\po ii sem\projekt1_cpp\projekt1_cpp\debug\lis.obj
c:\users\meles\desktop\informatyka\ii sem\po ii sem\projekt1_cpp\projekt1_cpp\debug\guarana.obj
c:\users\meles\desktop\informatyka\ii sem\po ii sem\projekt1_cpp\projekt1_cpp\debug\barszczsosnowskiego.obj
c:\users\meles\desktop\informatyka\ii sem\po ii sem\projekt1_cpp\projekt1_cpp\debug\antylopa.obj
c:\users\meles\desktop\informatyka\ii sem\po ii sem\projekt1_cpp\projekt1_cpp\debug\pustepole.obj
c:\users\meles\desktop\informatyka\ii sem\po ii sem\projekt1_cpp\debug\projekt1_cpp.exe
c:\users\meles\desktop\informatyka\ii sem\po ii sem\projekt1_cpp\debug\projekt1_cpp.ilk
c:\users\meles\desktop\informatyka\ii sem\po ii sem\projekt1_cpp\debug\projekt1_cpp.pdb
c:\users\meles\desktop\informatyka\ii sem\po ii sem\projekt1_cpp\projekt1_cpp\debug\projekt1_cpp.tlog\cl.command.1.tlog
c:\users\meles\desktop\informatyka\ii sem\po ii sem\projekt1_cpp\projekt1_cpp\debug\projekt1_cpp.tlog\cl.read.1.tlog
c:\users\meles\desktop\informatyka\ii sem\po ii sem\projekt1_cpp\projekt1_cpp\debug\projekt1_cpp.tlog\cl.write.1.tlog
c:\users\meles\desktop\informatyka\ii sem\po ii sem\projekt1_cpp\projekt1_cpp\debug\projekt1_cpp.tlog\link.command.1.tlog
c:\users\meles\desktop\informatyka\ii sem\po ii sem\projekt1_cpp\projekt1_cpp\debug\projekt1_cpp.tlog\link.read.1.tlog
c:\users\meles\desktop\informatyka\ii sem\po ii sem\projekt1_cpp\projekt1_cpp\debug\projekt1_cpp.tlog\link.write.1.tlog
